#
# A fatal error has been detected by the Java Runtime Environment:
#
#  EXCEPTION_ACCESS_VIOLATION (0xc0000005) at pc=0x00000000662f2c16, pid=8396, tid=6752
#
# JRE version: Java(TM) SE Runtime Environment (8.0_20-b26) (build 1.8.0_20-b26)
# Java VM: Java HotSpot(TM) 64-Bit Server VM (25.20-b23 mixed mode windows-amd64 compressed oops)
# Problematic frame:
# V  [jvm.dll+0x4c2c16]
#
# Failed to write core dump. Minidumps are not enabled by default on client versions of Windows
#
# If you would like to submit a bug report, please visit:
#   http://bugreport.sun.com/bugreport/crash.jsp
#

---------------  T H R E A D  ---------------

Current thread (0x000000005ad79800):  JavaThread "C2 CompilerThread1" daemon [_thread_in_native, id=6752, stack(0x000000005d220000,0x000000005d320000)]

siginfo: ExceptionCode=0xc0000005, reading address 0x0000000000000010

Registers:
RAX=0x0000000000000000, RBX=0x000000006325cdc0, RCX=0x000000006325cdc0, RDX=0x0000000060493a10
RSP=0x000000005d31d670, RBP=0x000000006325cdc0, RSI=0x000000005d31ead0, RDI=0x0000000066466888
R8 =0x000000006325cdc0, R9 =0x0000000000000002, R10=0x000000005af94db0, R11=0x0000000000000000
R12=0x000000005d31e080, R13=0x0000000060493a10, R14=0x000000005b709fe8, R15=0x0000000000000000
RIP=0x00000000662f2c16, EFLAGS=0x0000000000010246

Top of Stack: (sp=0x000000005d31d670)
0x000000005d31d670:   000000005f9b6ed8 000000006325cdc0
0x000000005d31d680:   000000005b70a2d8 000000005d31d930
0x000000005d31d690:   0000000000000018 000000005b709ca8
0x000000005d31d6a0:   000000005d31d930 000000006628ac1a
0x000000005d31d6b0:   000000006325cdc0 0000000000000003
0x000000005d31d6c0:   0000000000000003 0000000066466888
0x000000005d31d6d0:   000000005af97960 0000000000000001
0x000000005d31d6e0:   0000000088ca6c00 000000006626a0b4
0x000000005d31d6f0:   000000005f600aa8 00000000663139db
0x000000005d31d700:   0000000000000000 000000005b709ca8
0x000000005d31d710:   0000000000000038 000000006629fe69
0x000000005d31d720:   000000005f600aa8 0000000000000005
0x000000005d31d730:   0000000000000000 000000005b1c3100
0x000000005d31d740:   0000000200000001 000000005b1c2f00
0x000000005d31d750:   0000000000000038 000000006626a0b4
0x000000005d31d760:   0000000000000005 0000000065e30000 

Instructions: (pc=0x00000000662f2c16)
0x00000000662f2bf6:   8b e1 49 8b c8 49 8b e8 4c 8b ea ff 50 28 44 8b
0x00000000662f2c06:   48 10 41 83 f9 0e 7c 06 41 83 f9 14 7e 02 33 c0
0x00000000662f2c16:   8b 48 10 48 89 5c 24 40 83 f9 10 0f 8c 03 01 00
0x00000000662f2c26:   00 83 f9 12 0f 8f fa 00 00 00 80 78 32 00 0f 84 


Register to memory mapping:

RAX=0x0000000000000000 is an unknown value
RBX=0x000000006325cdc0 is an unknown value
RCX=0x000000006325cdc0 is an unknown value
RDX=0x0000000060493a10 is an unknown value
RSP=0x000000005d31d670 is pointing into the stack for thread: 0x000000005ad79800
RBP=0x000000006325cdc0 is an unknown value
RSI=0x000000005d31ead0 is pointing into the stack for thread: 0x000000005ad79800
RDI=0x0000000066466888 is an unknown value
R8 =0x000000006325cdc0 is an unknown value
R9 =0x0000000000000002 is an unknown value
R10=0x000000005af94db0 is an unknown value
R11=0x0000000000000000 is an unknown value
R12=0x000000005d31e080 is pointing into the stack for thread: 0x000000005ad79800
R13=0x0000000060493a10 is an unknown value
R14=0x000000005b709fe8 is an unknown value
R15=0x0000000000000000 is an unknown value


Stack: [0x000000005d220000,0x000000005d320000],  sp=0x000000005d31d670,  free space=1013k
Native frames: (J=compiled Java code, j=interpreted, Vv=VM code, C=native code)
V  [jvm.dll+0x4c2c16]
V  [jvm.dll+0x45ac1a]
V  [jvm.dll+0x4d8fd1]
V  [jvm.dll+0x4d9aef]
V  [jvm.dll+0x4d9e69]
V  [jvm.dll+0x4da3d6]
V  [jvm.dll+0x436ec1]
V  [jvm.dll+0x45b2c4]
V  [jvm.dll+0x4e0fd8]
V  [jvm.dll+0x4d9ae7]
V  [jvm.dll+0x4d9e69]
V  [jvm.dll+0x4da3d6]
V  [jvm.dll+0x436ec1]
V  [jvm.dll+0x45243b]
V  [jvm.dll+0x435fc2]
V  [jvm.dll+0x97b62]
V  [jvm.dll+0x98353]
V  [jvm.dll+0x22aac4]
V  [jvm.dll+0x283f5a]
C  [msvcr100.dll+0x21d9f]
C  [msvcr100.dll+0x21e3b]
C  [kernel32.dll+0x159cd]
C  [ntdll.dll+0x2a561]


Current CompileTask:
C2: 131092 9830   !   4       sun.misc.URLClassPath$JarLoader::getResource (95 bytes)


---------------  P R O C E S S  ---------------

Java Threads: ( => current thread )
  0x0000000060e5d000 JavaThread "DestroyJavaVM" [_thread_blocked, id=7760, stack(0x00000000029f0000,0x0000000002af0000)]
  0x0000000060e5c800 JavaThread "http-nio-9000-AsyncTimeout" daemon [_thread_blocked, id=4348, stack(0x0000000065a10000,0x0000000065b10000)]
  0x0000000060e5b800 JavaThread "http-nio-9000-Acceptor-0" daemon [_thread_in_native, id=5640, stack(0x0000000065860000,0x0000000065960000)]
  0x0000000060e5b000 JavaThread "http-nio-9000-ClientPoller-1" daemon [_thread_in_native, id=8984, stack(0x0000000065620000,0x0000000065720000)]
  0x0000000060e5a000 JavaThread "http-nio-9000-ClientPoller-0" daemon [_thread_in_native, id=3392, stack(0x0000000065350000,0x0000000065450000)]
  0x0000000060e59000 JavaThread "http-nio-9000-exec-10" daemon [_thread_blocked, id=8808, stack(0x0000000065470000,0x0000000065570000)]
  0x0000000060e58800 JavaThread "http-nio-9000-exec-9" daemon [_thread_blocked, id=9084, stack(0x0000000065250000,0x0000000065350000)]
  0x0000000060e57800 JavaThread "http-nio-9000-exec-8" daemon [_thread_blocked, id=5184, stack(0x00000000650b0000,0x00000000651b0000)]
  0x0000000060e57000 JavaThread "http-nio-9000-exec-7" daemon [_thread_blocked, id=1072, stack(0x0000000061c70000,0x0000000061d70000)]
  0x0000000060e56000 JavaThread "http-nio-9000-exec-6" daemon [_thread_blocked, id=5376, stack(0x0000000064e40000,0x0000000064f40000)]
  0x000000005b324000 JavaThread "http-nio-9000-exec-5" daemon [_thread_blocked, id=8444, stack(0x0000000064cd0000,0x0000000064dd0000)]
  0x000000005b323000 JavaThread "http-nio-9000-exec-4" daemon [_thread_blocked, id=7012, stack(0x0000000064b40000,0x0000000064c40000)]
  0x000000005b322800 JavaThread "http-nio-9000-exec-3" daemon [_thread_blocked, id=8164, stack(0x000000005ba70000,0x000000005bb70000)]
  0x000000005b321800 JavaThread "http-nio-9000-exec-2" daemon [_thread_blocked, id=1384, stack(0x0000000060950000,0x0000000060a50000)]
  0x000000005b321000 JavaThread "http-nio-9000-exec-1" daemon [_thread_blocked, id=2796, stack(0x000000005c780000,0x000000005c880000)]
  0x000000005b320000 JavaThread "NioBlockingSelector.BlockPoller-1" daemon [_thread_in_native, id=5744, stack(0x00000000645c0000,0x00000000646c0000)]
  0x000000005b31f800 JavaThread "container-0" [_thread_blocked, id=1344, stack(0x0000000062ef0000,0x0000000062ff0000)]
  0x000000005b31e800 JavaThread "ContainerBackgroundProcessor[StandardEngine[Tomcat]]" daemon [_thread_blocked, id=2844, stack(0x0000000062d90000,0x0000000062e90000)]
  0x000000005ad72800 JavaThread "RMI TCP Accept-0" daemon [_thread_in_native, id=9156, stack(0x000000005d0f0000,0x000000005d1f0000)]
  0x000000005ad71800 JavaThread "RMI TCP Accept-6742" daemon [_thread_in_native, id=8416, stack(0x000000005d330000,0x000000005d430000)]
  0x000000005ad71000 JavaThread "RMI TCP Accept-0" daemon [_thread_in_native, id=5888, stack(0x000000005e8e0000,0x000000005e9e0000)]
  0x000000005ad70000 JavaThread "Service Thread" daemon [_thread_blocked, id=428, stack(0x000000005d590000,0x000000005d690000)]
  0x000000005ad81800 JavaThread "C1 CompilerThread2" daemon [_thread_in_native, id=1564, stack(0x000000005d430000,0x000000005d530000)]
=>0x000000005ad79800 JavaThread "C2 CompilerThread1" daemon [_thread_in_native, id=6752, stack(0x000000005d220000,0x000000005d320000)]
  0x000000005b029000 JavaThread "C2 CompilerThread0" daemon [_thread_in_native, id=8112, stack(0x000000005cfa0000,0x000000005d0a0000)]
  0x000000005ad6f800 JavaThread "rebel-change-detector-thread" daemon [_thread_in_vm, id=9032, stack(0x000000005ce60000,0x000000005cf60000)]
  0x000000005ad6e800 JavaThread "rebel-debugger-thread" daemon [_thread_blocked, id=8488, stack(0x000000005ccb0000,0x000000005cdb0000)]
  0x000000005ad76800 JavaThread "rebel-debugger-attach-notifier" daemon [_thread_blocked, id=7876, stack(0x000000005ca10000,0x000000005cb10000)]
  0x000000005ad4e800 JavaThread "rebel-heartbeat-thread" daemon [_thread_blocked, id=1268, stack(0x000000005cb20000,0x000000005cc20000)]
  0x000000005ad4e000 JavaThread "rebel-redeploy-thread" daemon [_thread_blocked, id=5592, stack(0x000000005c8a0000,0x000000005c9a0000)]
  0x000000005add5800 JavaThread "rebel-weak-reaper" daemon [_thread_blocked, id=8248, stack(0x000000005bd60000,0x000000005be60000)]
  0x000000005adb1000 JavaThread "rebel-messaging-executor-24" daemon [_thread_blocked, id=8768, stack(0x000000005bb70000,0x000000005bc70000)]
  0x000000005921b000 JavaThread "rebel-cache-writer" daemon [_thread_blocked, id=6356, stack(0x0000000059ba0000,0x0000000059ca0000)]
  0x00000000593b3800 JavaThread "rebel-fsnotify-OutputReader" daemon [_thread_blocked, id=916, stack(0x000000005a4d0000,0x000000005a5d0000)]
  0x00000000593d7000 JavaThread "rebel-fsnotify-OutputReader" daemon [_thread_blocked, id=9012, stack(0x000000005a330000,0x000000005a430000)]
  0x00000000593d6000 JavaThread "rebel-fsnotify-ShutdownOnTermination" daemon [_thread_in_native, id=5468, stack(0x0000000059fd0000,0x000000005a0d0000)]
  0x00000000592ef000 JavaThread "rebel-CacheKeepAlive" daemon [_thread_blocked, id=7820, stack(0x000000005a180000,0x000000005a280000)]
  0x0000000059219800 JavaThread "rebel-logger" daemon [_thread_blocked, id=8816, stack(0x0000000058e00000,0x0000000058f00000)]
  0x0000000058a52800 JavaThread "Attach Listener" daemon [_thread_blocked, id=752, stack(0x0000000059080000,0x0000000059180000)]
  0x000000005785f000 JavaThread "Signal Dispatcher" daemon [_thread_blocked, id=8232, stack(0x0000000058f10000,0x0000000059010000)]
  0x00000000577fd800 JavaThread "Finalizer" daemon [_thread_blocked, id=4532, stack(0x0000000058900000,0x0000000058a00000)]
  0x000000005783f800 JavaThread "Reference Handler" daemon [_thread_blocked, id=8700, stack(0x0000000058800000,0x0000000058900000)]

Other Threads:
  0x00000000577fc800 VMThread [stack: 0x0000000058700000,0x0000000058800000] [id=8288]
  0x000000005d80a000 WatcherThread [stack: 0x000000005ecc0000,0x000000005edc0000] [id=4632]

VM state:not at safepoint (normal execution)

VM Mutex/Monitor currently owned by a thread: None

Heap:
 PSYoungGen      total 171008K, used 96420K [0x00000000d6c00000, 0x00000000e2b00000, 0x0000000100000000)
  eden space 158720K, 56% used [0x00000000d6c00000,0x00000000dc2f14a8,0x00000000e0700000)
  from space 12288K, 60% used [0x00000000e1f00000,0x00000000e2637c18,0x00000000e2b00000)
  to   space 18432K, 0% used [0x00000000e0700000,0x00000000e0700000,0x00000000e1900000)
 ParOldGen       total 164864K, used 37697K [0x0000000084400000, 0x000000008e500000, 0x00000000d6c00000)
  object space 164864K, 22% used [0x0000000084400000,0x00000000868d0640,0x000000008e500000)
 Metaspace       used 64134K, capacity 65494K, committed 65752K, reserved 1107968K
  class space    used 7504K, capacity 7910K, committed 7936K, reserved 1048576K

Card table byte_map: [0x0000000011eb0000,0x0000000012290000] byte_map_base: 0x0000000011a8e000

Marking Bits: (ParMarkBitMap*) 0x000000006660b460
 Begin Bits: [0x0000000012ca0000, 0x0000000014b90000)
 End Bits:   [0x0000000014b90000, 0x0000000016a80000)

Polling page: 0x0000000000150000

CodeCache: size=245760Kb used=11724Kb max_used=25445Kb free=234035Kb
 bounds [0x0000000002af0000, 0x00000000043f0000, 0x0000000011af0000]
 total_blobs=6929 nmethods=6429 adapters=413
 compilation: enabled

Compilation events (10 events):
Event: 130.985 Thread 0x000000005ad81800 nmethod 10419 0x000000000309e450 code [0x000000000309e620, 0x000000000309eaf8]
Event: 130.985 Thread 0x000000005ad81800 10396   !   2       sun.net.www.protocol.jar.JarURLConnection::connect (162 bytes)
Event: 130.987 Thread 0x000000005ad81800 nmethod 10396 0x0000000002d9c410 code [0x0000000002d9c640, 0x0000000002d9cd08]
Event: 130.987 Thread 0x000000005ad81800 10401       2       org.springframework.core.annotation.AnnotationUtils$DefaultValueHolder::<init> (10 bytes)
Event: 130.987 Thread 0x000000005ad81800 nmethod 10401 0x0000000002df43d0 code [0x0000000002df4520, 0x0000000002df4690]
Event: 130.987 Thread 0x000000005ad81800 10399       2       org.apache.commons.logging.impl.SLF4JLogFactory::getInstance (116 bytes)
Event: 130.988 Thread 0x000000005ad81800 nmethod 10399 0x00000000030e5e90 code [0x00000000030e60a0, 0x00000000030e6728]
Event: 130.988 Thread 0x000000005ad81800 10432       2       java.io.File::<init> (53 bytes)
Event: 130.989 Thread 0x000000005ad81800 nmethod 10432 0x0000000002cb2090 code [0x0000000002cb2220, 0x0000000002cb24d8]
Event: 130.989 Thread 0x000000005ad81800 10433       2       org.springframework.util.StringUtils::delimitedListToStringArray (167 bytes)

GC Heap History (10 events):
Event: 10.718 GC heap before
{Heap before GC invocations=11 (full 2):
 PSYoungGen      total 122880K, used 120633K [0x00000000d6c00000, 0x00000000df080000, 0x0000000100000000)
  eden space 111104K, 100% used [0x00000000d6c00000,0x00000000dd880000,0x00000000dd880000)
  from space 11776K, 80% used [0x00000000de500000,0x00000000dee4e6e8,0x00000000df080000)
  to   space 12288K, 0% used [0x00000000dd880000,0x00000000dd880000,0x00000000de480000)
 ParOldGen       total 118784K, used 24375K [0x0000000084400000, 0x000000008b800000, 0x00000000d6c00000)
  object space 118784K, 20% used [0x0000000084400000,0x0000000085bcdde8,0x000000008b800000)
 Metaspace       used 49495K, capacity 50720K, committed 51200K, reserved 1093632K
  class space    used 5922K, capacity 6273K, committed 6400K, reserved 1048576K
Event: 10.730 GC heap after
Heap after GC invocations=11 (full 2):
 PSYoungGen      total 123392K, used 12269K [0x00000000d6c00000, 0x00000000e0700000, 0x0000000100000000)
  eden space 111104K, 0% used [0x00000000d6c00000,0x00000000d6c00000,0x00000000dd880000)
  from space 12288K, 99% used [0x00000000dd880000,0x00000000de47b4d0,0x00000000de480000)
  to   space 13312K, 0% used [0x00000000dfa00000,0x00000000dfa00000,0x00000000e0700000)
 ParOldGen       total 118784K, used 24812K [0x0000000084400000, 0x000000008b800000, 0x00000000d6c00000)
  object space 118784K, 20% used [0x0000000084400000,0x0000000085c3b348,0x000000008b800000)
 Metaspace       used 49495K, capacity 50720K, committed 51200K, reserved 1093632K
  class space    used 5922K, capacity 6273K, committed 6400K, reserved 1048576K
}
Event: 12.340 GC heap before
{Heap before GC invocations=12 (full 2):
 PSYoungGen      total 123392K, used 123373K [0x00000000d6c00000, 0x00000000e0700000, 0x0000000100000000)
  eden space 111104K, 100% used [0x00000000d6c00000,0x00000000dd880000,0x00000000dd880000)
  from space 12288K, 99% used [0x00000000dd880000,0x00000000de47b4d0,0x00000000de480000)
  to   space 13312K, 0% used [0x00000000dfa00000,0x00000000dfa00000,0x00000000e0700000)
 ParOldGen       total 118784K, used 24812K [0x0000000084400000, 0x000000008b800000, 0x00000000d6c00000)
  object space 118784K, 20% used [0x0000000084400000,0x0000000085c3b348,0x000000008b800000)
 Metaspace       used 54238K, capacity 55518K, committed 55936K, reserved 1097728K
  class space    used 6370K, capacity 6742K, committed 6784K, reserved 1048576K
Event: 12.374 GC heap after
Heap after GC invocations=12 (full 2):
 PSYoungGen      total 142848K, used 13299K [0x00000000d6c00000, 0x00000000e1000000, 0x0000000100000000)
  eden space 129536K, 0% used [0x00000000d6c00000,0x00000000d6c00000,0x00000000dea80000)
  from space 13312K, 99% used [0x00000000dfa00000,0x00000000e06fcf38,0x00000000e0700000)
  to   space 15872K, 0% used [0x00000000dea80000,0x00000000dea80000,0x00000000dfa00000)
 ParOldGen       total 118784K, used 29073K [0x0000000084400000, 0x000000008b800000, 0x00000000d6c00000)
  object space 118784K, 24% used [0x0000000084400000,0x00000000860646b8,0x000000008b800000)
 Metaspace       used 54238K, capacity 55518K, committed 55936K, reserved 1097728K
  class space    used 6370K, capacity 6742K, committed 6784K, reserved 1048576K
}
Event: 13.618 GC heap before
{Heap before GC invocations=13 (full 2):
 PSYoungGen      total 142848K, used 87248K [0x00000000d6c00000, 0x00000000e1000000, 0x0000000100000000)
  eden space 129536K, 57% used [0x00000000d6c00000,0x00000000db437358,0x00000000dea80000)
  from space 13312K, 99% used [0x00000000dfa00000,0x00000000e06fcf38,0x00000000e0700000)
  to   space 15872K, 0% used [0x00000000dea80000,0x00000000dea80000,0x00000000dfa00000)
 ParOldGen       total 118784K, used 29073K [0x0000000084400000, 0x000000008b800000, 0x00000000d6c00000)
  object space 118784K, 24% used [0x0000000084400000,0x00000000860646b8,0x000000008b800000)
 Metaspace       used 57612K, capacity 58896K, committed 59096K, reserved 1101824K
  class space    used 6788K, capacity 7161K, committed 7168K, reserved 1048576K
Event: 13.661 GC heap after
Heap after GC invocations=13 (full 2):
 PSYoungGen      total 145408K, used 15867K [0x00000000d6c00000, 0x00000000e3100000, 0x0000000100000000)
  eden space 129536K, 0% used [0x00000000d6c00000,0x00000000d6c00000,0x00000000dea80000)
  from space 15872K, 99% used [0x00000000dea80000,0x00000000df9fee60,0x00000000dfa00000)
  to   space 18432K, 0% used [0x00000000e1f00000,0x00000000e1f00000,0x00000000e3100000)
 ParOldGen       total 118784K, used 30999K [0x0000000084400000, 0x000000008b800000, 0x00000000d6c00000)
  object space 118784K, 26% used [0x0000000084400000,0x0000000086245f90,0x000000008b800000)
 Metaspace       used 57612K, capacity 58896K, committed 59096K, reserved 1101824K
  class space    used 6788K, capacity 7161K, committed 7168K, reserved 1048576K
}
Event: 13.661 GC heap before
{Heap before GC invocations=14 (full 3):
 PSYoungGen      total 145408K, used 15867K [0x00000000d6c00000, 0x00000000e3100000, 0x0000000100000000)
  eden space 129536K, 0% used [0x00000000d6c00000,0x00000000d6c00000,0x00000000dea80000)
  from space 15872K, 99% used [0x00000000dea80000,0x00000000df9fee60,0x00000000dfa00000)
  to   space 18432K, 0% used [0x00000000e1f00000,0x00000000e1f00000,0x00000000e3100000)
 ParOldGen       total 118784K, used 30999K [0x0000000084400000, 0x000000008b800000, 0x00000000d6c00000)
  object space 118784K, 26% used [0x0000000084400000,0x0000000086245f90,0x000000008b800000)
 Metaspace       used 57612K, capacity 58896K, committed 59096K, reserved 1101824K
  class space    used 6788K, capacity 7161K, committed 7168K, reserved 1048576K
Event: 13.936 GC heap after
Heap after GC invocations=14 (full 3):
 PSYoungGen      total 145408K, used 0K [0x00000000d6c00000, 0x00000000e3100000, 0x0000000100000000)
  eden space 129536K, 0% used [0x00000000d6c00000,0x00000000d6c00000,0x00000000dea80000)
  from space 15872K, 0% used [0x00000000dea80000,0x00000000dea80000,0x00000000dfa00000)
  to   space 18432K, 0% used [0x00000000e1f00000,0x00000000e1f00000,0x00000000e3100000)
 ParOldGen       total 164864K, used 37689K [0x0000000084400000, 0x000000008e500000, 0x00000000d6c00000)
  object space 164864K, 22% used [0x0000000084400000,0x00000000868ce640,0x000000008e500000)
 Metaspace       used 57612K, capacity 58896K, committed 59096K, reserved 1101824K
  class space    used 6788K, capacity 7161K, committed 7168K, reserved 1048576K
}
Event: 15.413 GC heap before
{Heap before GC invocations=15 (full 3):
 PSYoungGen      total 145408K, used 129536K [0x00000000d6c00000, 0x00000000e3100000, 0x0000000100000000)
  eden space 129536K, 100% used [0x00000000d6c00000,0x00000000dea80000,0x00000000dea80000)
  from space 15872K, 0% used [0x00000000dea80000,0x00000000dea80000,0x00000000dfa00000)
  to   space 18432K, 0% used [0x00000000e1f00000,0x00000000e1f00000,0x00000000e3100000)
 ParOldGen       total 164864K, used 37689K [0x0000000084400000, 0x000000008e500000, 0x00000000d6c00000)
  object space 164864K, 22% used [0x0000000084400000,0x00000000868ce640,0x000000008e500000)
 Metaspace       used 61829K, capacity 63210K, committed 63448K, reserved 1105920K
  class space    used 7264K, capacity 7672K, committed 7680K, reserved 1048576K
Event: 15.430 GC heap after
Heap after GC invocations=15 (full 3):
 PSYoungGen      total 171008K, used 7391K [0x00000000d6c00000, 0x00000000e2b00000, 0x0000000100000000)
  eden space 158720K, 0% used [0x00000000d6c00000,0x00000000d6c00000,0x00000000e0700000)
  from space 12288K, 60% used [0x00000000e1f00000,0x00000000e2637c18,0x00000000e2b00000)
  to   space 18432K, 0% used [0x00000000e0700000,0x00000000e0700000,0x00000000e1900000)
 ParOldGen       total 164864K, used 37697K [0x0000000084400000, 0x000000008e500000, 0x00000000d6c00000)
  object space 164864K, 22% used [0x0000000084400000,0x00000000868d0640,0x000000008e500000)
 Metaspace       used 61829K, capacity 63210K, committed 63448K, reserved 1105920K
  class space    used 7264K, capacity 7672K, committed 7680K, reserved 1048576K
}

Deoptimization events (10 events):
Event: 129.920 Thread 0x000000005ad6f800 Uncommon trap: reason=class_check action=maybe_recompile pc=0x0000000003f20020 method=com.zeroturnaround.javarebel.aaf.b(ILjava/lang/String;Ljava/lang/String;Ljava/lang/String;Z)V @ 18
Event: 129.986 Thread 0x000000005ad6f800 Uncommon trap: reason=class_check action=maybe_recompile pc=0x0000000003f20020 method=com.zeroturnaround.javarebel.aaf.b(ILjava/lang/String;Ljava/lang/String;Ljava/lang/String;Z)V @ 18
Event: 129.986 Thread 0x000000005ad6f800 Uncommon trap: reason=class_check action=maybe_recompile pc=0x0000000003f20020 method=com.zeroturnaround.javarebel.aaf.b(ILjava/lang/String;Ljava/lang/String;Ljava/lang/String;Z)V @ 18
Event: 130.484 Thread 0x000000005ad6f800 Uncommon trap: reason=unloaded action=reinterpret pc=0x000000000396863c method=com.zeroturnaround.javarebel.sr.a(Lcom/zeroturnaround/javarebel/rn;Ljava/lang/String;)Lcom/zeroturnaround/javarebel/sr; @ 153
Event: 130.787 Thread 0x000000005ad6f800 Uncommon trap: reason=class_check action=maybe_recompile pc=0x00000000039d373c method=java.util.ArrayDeque._jr$ip$head(Ljava/lang/Object;I)V @ 1
Event: 130.787 Thread 0x000000005ad6f800 Uncommon trap: reason=class_check action=maybe_recompile pc=0x00000000039defb8 method=java.util.ArrayDeque._jr$ig$tail(Ljava/lang/Object;)I @ 1
Event: 130.789 Thread 0x000000005ad6f800 Uncommon trap: reason=class_check action=maybe_recompile pc=0x00000000039d373c method=java.util.ArrayDeque._jr$ip$head(Ljava/lang/Object;I)V @ 1
Event: 130.789 Thread 0x000000005ad6f800 Uncommon trap: reason=class_check action=maybe_recompile pc=0x00000000039d373c method=java.util.ArrayDeque._jr$ip$head(Ljava/lang/Object;I)V @ 1
Event: 130.789 Thread 0x000000005ad6f800 Uncommon trap: reason=class_check action=maybe_recompile pc=0x00000000039defb8 method=java.util.ArrayDeque._jr$ig$tail(Ljava/lang/Object;)I @ 1
Event: 130.791 Thread 0x000000005ad6f800 Uncommon trap: reason=class_check action=maybe_recompile pc=0x00000000039defb8 method=java.util.ArrayDeque._jr$ig$tail(Ljava/lang/Object;)I @ 1

Internal exceptions (10 events):
Event: 130.790 Thread 0x000000005ad6f800 Exception <a 'java/security/PrivilegedActionException'> (0x00000000db6aa1e0) thrown at [D:\re\workspace\8-2-build-windows-amd64-cygwin\jdk8u20\1074\hotspot\src\share\vm\prims\jvm.cpp, line 1275]
Event: 130.790 Thread 0x000000005ad6f800 Exception <a 'java/security/PrivilegedActionException'> (0x00000000db6b18e8) thrown at [D:\re\workspace\8-2-build-windows-amd64-cygwin\jdk8u20\1074\hotspot\src\share\vm\prims\jvm.cpp, line 1275]
Event: 130.791 Thread 0x000000005ad6f800 Exception <a 'java/security/PrivilegedActionException'> (0x00000000db6b4958) thrown at [D:\re\workspace\8-2-build-windows-amd64-cygwin\jdk8u20\1074\hotspot\src\share\vm\prims\jvm.cpp, line 1275]
Event: 130.792 Thread 0x000000005ad6f800 Exception <a 'java/security/PrivilegedActionException'> (0x00000000db6bbd88) thrown at [D:\re\workspace\8-2-build-windows-amd64-cygwin\jdk8u20\1074\hotspot\src\share\vm\prims\jvm.cpp, line 1275]
Event: 130.792 Thread 0x000000005ad6f800 Exception <a 'java/security/PrivilegedActionException'> (0x00000000db6bedf8) thrown at [D:\re\workspace\8-2-build-windows-amd64-cygwin\jdk8u20\1074\hotspot\src\share\vm\prims\jvm.cpp, line 1275]
Event: 130.793 Thread 0x000000005ad6f800 Exception <a 'java/security/PrivilegedActionException'> (0x00000000db6c5610) thrown at [D:\re\workspace\8-2-build-windows-amd64-cygwin\jdk8u20\1074\hotspot\src\share\vm\prims\jvm.cpp, line 1275]
Event: 130.830 Thread 0x000000005ad6f800 Exception <a 'java/security/PrivilegedActionException'> (0x00000000db796cd0) thrown at [D:\re\workspace\8-2-build-windows-amd64-cygwin\jdk8u20\1074\hotspot\src\share\vm\prims\jvm.cpp, line 1275]
Event: 130.830 Thread 0x000000005ad6f800 Exception <a 'java/security/PrivilegedActionException'> (0x00000000db79b578) thrown at [D:\re\workspace\8-2-build-windows-amd64-cygwin\jdk8u20\1074\hotspot\src\share\vm\prims\jvm.cpp, line 1275]
Event: 130.830 Thread 0x000000005ad6f800 Exception <a 'java/security/PrivilegedActionException'> (0x00000000db79c0d8) thrown at [D:\re\workspace\8-2-build-windows-amd64-cygwin\jdk8u20\1074\hotspot\src\share\vm\prims\jvm.cpp, line 1275]
Event: 130.831 Thread 0x000000005ad6f800 Exception <a 'java/security/PrivilegedActionException'> (0x00000000db7a0a68) thrown at [D:\re\workspace\8-2-build-windows-amd64-cygwin\jdk8u20\1074\hotspot\src\share\vm\prims\jvm.cpp, line 1275]

Events (10 events):
Event: 130.983 Thread 0x0000000060e5a000 DEOPT PACKING pc=0x0000000004371094 sp=0x000000006544efc0
Event: 130.983 Thread 0x0000000060e5a000 DEOPT UNPACKING pc=0x0000000002b375bf sp=0x000000006544ed10 mode 0
Event: 130.983 Thread 0x0000000060e5b000 DEOPT PACKING pc=0x000000000437806c sp=0x000000006571f1a0
Event: 130.983 Thread 0x0000000060e5b000 DEOPT UNPACKING pc=0x0000000002b375bf sp=0x000000006571eee8 mode 0
Event: 130.983 Thread 0x0000000060e5b000 DEOPT PACKING pc=0x0000000004371094 sp=0x000000006571f350
Event: 130.983 Thread 0x0000000060e5b000 DEOPT UNPACKING pc=0x0000000002b375bf sp=0x000000006571f0a0 mode 0
Event: 130.983 Thread 0x000000005b320000 DEOPT PACKING pc=0x000000000437806c sp=0x00000000646beef0
Event: 130.983 Thread 0x000000005b320000 DEOPT UNPACKING pc=0x0000000002b375bf sp=0x00000000646bec38 mode 0
Event: 130.983 Thread 0x000000005b320000 DEOPT PACKING pc=0x0000000004371094 sp=0x00000000646bf0a0
Event: 130.983 Thread 0x000000005b320000 DEOPT UNPACKING pc=0x0000000002b375bf sp=0x00000000646bedf0 mode 0


Dynamic libraries:
0x000000013f060000 - 0x000000013f094000 	C:\Program Files\Java\jre1.8.0_20\bin\javaw.exe
0x0000000077040000 - 0x00000000771ea000 	C:\windows\SYSTEM32\ntdll.dll
0x0000000076f20000 - 0x000000007703f000 	C:\windows\system32\kernel32.dll
0x000007fefd080000 - 0x000007fefd0ea000 	C:\windows\system32\KERNELBASE.dll
0x0000000074a20000 - 0x0000000074aa9000 	C:\windows\System32\SYSFER.DLL
0x000007fefe2f0000 - 0x000007fefe3cb000 	C:\windows\system32\ADVAPI32.dll
0x000007fefe1b0000 - 0x000007fefe24f000 	C:\windows\system32\msvcrt.dll
0x000007fefefd0000 - 0x000007fefefef000 	C:\windows\SYSTEM32\sechost.dll
0x000007feff0e0000 - 0x000007feff20d000 	C:\windows\system32\RPCRT4.dll
0x0000000076e20000 - 0x0000000076f1a000 	C:\windows\system32\USER32.dll
0x000007fefe3d0000 - 0x000007fefe437000 	C:\windows\system32\GDI32.dll
0x000007fefd0f0000 - 0x000007fefd0fe000 	C:\windows\system32\LPK.dll
0x000007fefe5d0000 - 0x000007fefe69a000 	C:\windows\system32\USP10.dll
0x000007fefbde0000 - 0x000007fefbfd4000 	C:\windows\WinSxS\amd64_microsoft.windows.common-controls_6595b64144ccf1df_6.0.7601.18837_none_fa3b1e3d17594757\COMCTL32.dll
0x000007feff000000 - 0x000007feff071000 	C:\windows\system32\SHLWAPI.dll
0x000007feff210000 - 0x000007feff23e000 	C:\windows\system32\IMM32.DLL
0x000007feff240000 - 0x000007feff349000 	C:\windows\system32\MSCTF.dll
0x000000006dc00000 - 0x000000006dcd2000 	C:\Program Files\Java\jre1.8.0_20\bin\msvcr100.dll
0x0000000065e30000 - 0x0000000066688000 	C:\Program Files\Java\jre1.8.0_20\bin\server\jvm.dll
0x000007fef82d0000 - 0x000007fef82d9000 	C:\windows\system32\WSOCK32.dll
0x000007fefecb0000 - 0x000007fefecfd000 	C:\windows\system32\WS2_32.dll
0x000007fefeff0000 - 0x000007fefeff8000 	C:\windows\system32\NSI.dll
0x000007fef8b30000 - 0x000007fef8b6b000 	C:\windows\system32\WINMM.dll
0x0000000077210000 - 0x0000000077217000 	C:\windows\system32\PSAPI.DLL
0x0000000073780000 - 0x000000007378f000 	C:\Program Files\Java\jre1.8.0_20\bin\verify.dll
0x0000000073750000 - 0x0000000073778000 	C:\Program Files\Java\jre1.8.0_20\bin\java.dll
0x000007feefc90000 - 0x000007feefcc8000 	C:\eclipse\plugins\org.zeroturnaround.eclipse.embedder_7.0.15.RELEASE\jrebel\lib\jrebel64.dll
0x000007fefd100000 - 0x000007fefde8a000 	C:\windows\system32\SHELL32.dll
0x000007feefcf0000 - 0x000007feefcf3000 	C:\windows\system32\api-ms-win-core-synch-l1-2-0.DLL
0x0000000071360000 - 0x0000000071376000 	C:\Program Files\Java\jre1.8.0_20\bin\zip.dll
0x000007fefde90000 - 0x000007fefe08c000 	C:\windows\system32\ole32.dll
0x000007fefcd40000 - 0x000007fefcd4f000 	C:\windows\system32\profapi.dll
0x000000006d900000 - 0x000000006d90d000 	C:\Program Files\Java\jre1.8.0_20\bin\management.dll
0x0000000071340000 - 0x000000007135a000 	C:\Program Files\Java\jre1.8.0_20\bin\net.dll
0x000007fefc500000 - 0x000007fefc555000 	C:\windows\system32\mswsock.dll
0x000007fefc4f0000 - 0x000007fefc4f7000 	C:\windows\System32\wship6.dll
0x000000006ef10000 - 0x000000006ef21000 	C:\Program Files\Java\jre1.8.0_20\bin\nio.dll
0x000000006d930000 - 0x000000006d954000 	C:\Program Files\Java\jre1.8.0_20\bin\sunec.dll
0x000007feefc70000 - 0x000007feefc8b000 	C:\Users\IBM_ADMIN\AppData\Local\Temp\jrebel-temp\ver-6ecefaf5\IdeaWin64.dll
0x000007fefcb70000 - 0x000007fefcbc7000 	C:\windows\system32\apphelp.dll
0x000000006d920000 - 0x000000006d92b000 	C:\Program Files\Java\jre1.8.0_20\bin\sunmscapi.dll
0x000007fefce80000 - 0x000007fefcfed000 	C:\windows\system32\CRYPT32.dll
0x000007fefcd30000 - 0x000007fefcd3f000 	C:\windows\system32\MSASN1.dll
0x000007fefc560000 - 0x000007fefc578000 	C:\windows\system32\CRYPTSP.dll
0x000007fefc260000 - 0x000007fefc2a7000 	C:\windows\system32\rsaenh.dll
0x000007fefd060000 - 0x000007fefd07e000 	C:\windows\system32\USERENV.dll
0x000007fefcbd0000 - 0x000007fefcbdf000 	C:\windows\system32\CRYPTBASE.dll
0x000007fefa850000 - 0x000007fefa877000 	C:\windows\system32\IPHLPAPI.DLL
0x000007fefa790000 - 0x000007fefa79b000 	C:\windows\system32\WINNSI.DLL
0x000007fefa700000 - 0x000007fefa711000 	C:\windows\system32\dhcpcsvc6.DLL
0x000007fefa670000 - 0x000007fefa688000 	C:\windows\system32\dhcpcsvc.DLL
0x000007fefa930000 - 0x000007fefa945000 	C:\windows\system32\NLAapi.dll
0x000007fef0a30000 - 0x000007fef0a45000 	C:\windows\system32\napinsp.dll
0x000007fef0a10000 - 0x000007fef0a29000 	C:\windows\system32\pnrpnsp.dll
0x000007fefc380000 - 0x000007fefc3db000 	C:\windows\system32\DNSAPI.dll
0x000007fef0a00000 - 0x000007fef0a0b000 	C:\windows\System32\winrnr.dll
0x000007fef09f0000 - 0x000007fef0a00000 	C:\windows\system32\wshbth.dll
0x000007fefbb80000 - 0x000007fefbb87000 	C:\windows\System32\wshtcpip.dll
0x000007fef09e0000 - 0x000007fef09e8000 	C:\windows\system32\rasadhlp.dll
0x000007fefa730000 - 0x000007fefa783000 	C:\windows\System32\fwpuclnt.dll
0x000007feef550000 - 0x000007feef675000 	C:\windows\system32\dbghelp.dll

VM Arguments:
jvm_args: -Dspring.liveBeansView.mbeanDomain -Dcom.sun.management.jmxremote -Dcom.sun.management.jmxremote.port=6742 -Dcom.sun.management.jmxremote.authenticate=false -Dcom.sun.management.jmxremote.ssl=false -Drebel.base=C:\Users\IBM_ADMIN\.jrebel -Drebel.env.ide.plugin.version=7.0.15 -Drebel.env.ide.version=4.3.0 -Drebel.env.ide.product=Eclipse -Drebel.env.ide=eclipse -Drebel.notification.url=http://localhost:17434 -Drebel.workspace.path=C:\junWorkSpace -Drebel.properties=C:\Users\IBM_ADMIN\.jrebel\jrebel.properties -agentpath:C:\eclipse\plugins\org.zeroturnaround.eclipse.embedder_7.0.15.RELEASE\jrebel\lib\jrebel64.dll -Dfile.encoding=UTF-8 
java_command: com.jun.board.MeetingApplication
java_class_path (initial): C:\webProject\ibmProject\bin;C:\Users\IBM_ADMIN\.gradle\caches\modules-2\files-2.1\org.springframework.boot\spring-boot-starter-web\1.5.4.RELEASE\5d6c554f34b20dffcbdfc7edf9b80956e2dace\spring-boot-starter-web-1.5.4.RELEASE.jar;C:\Users\IBM_ADMIN\.gradle\caches\modules-2\files-2.1\org.apache.tomcat.embed\tomcat-embed-jasper\8.5.15\6ab54501d707fb5be66a80b5b037331c5f778c61\tomcat-embed-jasper-8.5.15.jar;C:\Users\IBM_ADMIN\.gradle\caches\modules-2\files-2.1\javax.servlet\jstl\1.2\74aca283cd4f4b4f3e425f5820cda58f44409547\jstl-1.2.jar;C:\Users\IBM_ADMIN\.gradle\caches\modules-2\files-2.1\org.yaml\snakeyaml\1.17\7a27ea250c5130b2922b86dea63cbb1cc10a660c\snakeyaml-1.17.jar;C:\Users\IBM_ADMIN\.gradle\caches\modules-2\files-2.1\mysql\mysql-connector-java\5.1.34\46deba4adbdb4967367b013cbc67b7f7373da60a\mysql-connector-java-5.1.34.jar;C:\Users\IBM_ADMIN\.gradle\caches\modules-2\files-2.1\org.mybatis.spring.boot\mybatis-spring-boot-starter\1.1.1\d0f14dd5e6cee6adc3d2bfee4c0a879dced80552\mybatis-spring-boot-starter-1.1.1.jar;C:\Users\IBM_ADMIN\.gradle\caches\modules-2\files-2.1\org.springframework.boot\spring-boot-starter-jdbc\1.5.4.RELEASE\587ab04faeaeb2cbec0adf8fba68ee278d2c8764\spring-boot-starter-jdbc-1.5.4.RELEASE.jar;C:\Users\IBM_ADMIN\.gradle\caches\modules-2\files-2.1\org.projectlombok\lombok\1.16.8\2ce9de13f277ec1600e7e04231477e3e5f59d317\lombok-1.16.8.jar;C:\Users\IBM_ADMIN\.gradle\caches\modules-2\files-2.1\org.apache.commons\commons-lang3\3.4\5fe28b9518e58819180a43a850fbc0dd24b7c050\commons-lang3-3.4.jar;C:\Users\IBM_ADMIN\.gradle\caches\modules-2\files-2.1\commons-io\commons-io\2.5\2852e6e05fbb95076fc091f6d1780f1f8fe35e0f\commons-io-2.5.jar;C:\Users\IBM_ADMIN\.gradle\caches\modules-2\files-2.1\commons-fileupload\commons-fileupload\1.3.1\c621b54583719ac0310404463d6d99db27e1052c\commons-fileupload-1.3.1.jar;C:\Users\IBM_ADMIN\.gradle\caches\modules-2\files-2.1\org.apache.httpcomponents\httpcore\4.4.1\f5aa318bda4c6c8d688c9d00b90681dcd82ce636\h
Launcher Type: SUN_STANDARD

Environment Variables:
JAVA_HOME=C:\Program Files\Java\jdk1.8.0_20
CLASSPATH=.;C:\PROGRA~1\IBM\SQLLIB\java\db2java.zip;C:\PROGRA~1\IBM\SQLLIB\java\db2jcc.jar;C:\PROGRA~1\IBM\SQLLIB\java\sqlj.zip;C:\PROGRA~1\IBM\SQLLIB\java\db2jcc_license_cu.jar;C:\PROGRA~1\IBM\SQLLIB\bin;C:\PROGRA~1\IBM\SQLLIB\java\common.jar
PATH=C:\oraclexe\app\oracle\product\11.2.0\server\bin;C:\ProgramData\Oracle\Java\javapath;C:\Program Files (x86)\Intel\iCLS Client\;C:\Program Files\Intel\iCLS Client\;C:\windows\SYSTEM32;C:\windows;C:\windows\SYSTEM32\WBEM;C:\windows\SYSTEM32\WINDOWSPOWERSHELL\V1.0\;C:\PROGRAM FILES (X86)\COMMON FILES\ROXIO SHARED\DLLSHARED\;C:\PROGRAM FILES (X86)\COMMON FILES\ROXIO SHARED\DLLSHARED\;C:\PROGRAM FILES (X86)\COMMON FILES\ROXIO SHARED\13.0\DLLSHARED\;C:\Program Files\ThinkPad\Bluetooth Software\;C:\Program Files\ThinkPad\Bluetooth Software\syswow64;C:\Program Files (x86)\Intel\Intel(R) Management Engine Components\DAL;C:\Program Files\Intel\Intel(R) Management Engine Components\DAL;C:\Program Files (x86)\Intel\Intel(R) Management Engine Components\IPT;C:\Program Files\Intel\Intel(R) Management Engine Components\IPT;C:\Program Files\Intel\WiFi\bin\;C:\Program Files\Common Files\Intel\WirelessCommon\;C:\Program Files\Java\jdk1.8.0_20\bin;C:\Program Files\Git\cmd;C:\Program Files\ibm\gsk8\lib64;C:\Program Files (x86)\ibm\gsk8\lib;C:\PROGRA~1\IBM\SQLLIB\BIN;C:\PROGRA~1\IBM\SQLLIB\FUNCTION;C:\PROGRA~1\IBM\SQLLIB\SAMPLES\REPL;C:\Program Files\Intel\WiFi\bin\;C:\Program Files\Common Files\Intel\WirelessCommon\;C:\Program Files\Bandizip\
USERNAME=ADMINIBM
OS=Windows_NT
PROCESSOR_IDENTIFIER=Intel64 Family 6 Model 58 Stepping 9, GenuineIntel



---------------  S Y S T E M  ---------------

OS: Windows 7 , 64 bit Build 7601 Service Pack 1

CPU:total 4 (2 cores per cpu, 2 threads per core) family 6 model 58 stepping 9, cmov, cx8, fxsr, mmx, sse, sse2, sse3, ssse3, sse4.1, sse4.2, popcnt, avx, aes, clmul, erms, ht, tsc, tscinvbit, tscinv

Memory: 4k page, physical 8105944k(2295256k free), swap 16210028k(8916732k free)

vm_info: Java HotSpot(TM) 64-Bit Server VM (25.20-b23) for windows-amd64 JRE (1.8.0_20-b26), built on Jul 30 2014 13:51:23 by "java_re" with MS VC++ 10.0 (VS2010)

time: Mon Sep 18 19:56:04 2017
elapsed time: 131 seconds (0d 0h 2m 11s)

