#
# A fatal error has been detected by the Java Runtime Environment:
#
#  EXCEPTION_ACCESS_VIOLATION (0xc0000005) at pc=0x00000000662f2c16, pid=8256, tid=1996
#
# JRE version: Java(TM) SE Runtime Environment (8.0_20-b26) (build 1.8.0_20-b26)
# Java VM: Java HotSpot(TM) 64-Bit Server VM (25.20-b23 mixed mode windows-amd64 compressed oops)
# Problematic frame:
# V  [jvm.dll+0x4c2c16]
#
# Failed to write core dump. Minidumps are not enabled by default on client versions of Windows
#
# If you would like to submit a bug report, please visit:
#   http://bugreport.sun.com/bugreport/crash.jsp
#

---------------  T H R E A D  ---------------

Current thread (0x000000005b018000):  JavaThread "C2 CompilerThread0" daemon [_thread_in_native, id=1996, stack(0x000000005ccf0000,0x000000005cdf0000)]

siginfo: ExceptionCode=0xc0000005, reading address 0x0000000000000010

Registers:
RAX=0x0000000000000000, RBX=0x000000005f800a30, RCX=0x000000005f800a30, RDX=0x00000000609d6040
RSP=0x000000005cded090, RBP=0x000000005f800a30, RSI=0x000000005cdee9d0, RDI=0x0000000066466888
R8 =0x000000005f800a30, R9 =0x0000000000000002, R10=0x000000005afb45c0, R11=0x0000000000000000
R12=0x000000005cdedf80, R13=0x00000000609d6040, R14=0x000000005b28d510, R15=0x0000000000000000
RIP=0x00000000662f2c16, EFLAGS=0x0000000000010246

Top of Stack: (sp=0x000000005cded090)
0x000000005cded090:   000000005d694540 000000005f800a30
0x000000005cded0a0:   000000005b28d800 000000005cded350
0x000000005cded0b0:   0000000000000018 000000005b28d1d0
0x000000005cded0c0:   000000005cded350 000000006628ac1a
0x000000005cded0d0:   000000005f800a30 0000000000000003
0x000000005cded0e0:   0000000000000003 0000000066466888
0x000000005cded0f0:   000000005afb71d0 0000000000000001
0x000000005cded100:   0000000088ca6c00 000000006626a0b4
0x000000005cded110:   000000005b28a6b8 00000000663139db
0x000000005cded120:   0000000000000000 000000005b28d1d0
0x000000005cded130:   0000000000000038 000000006629fe69
0x000000005cded140:   000000005b28a6b8 0000000000000005
0x000000005cded150:   0000000000000000 000000006173eb50
0x000000005cded160:   0000000200000001 000000006173ace0
0x000000005cded170:   0000000000000038 000000006626a0b4
0x000000005cded180:   0000000000000005 0000000065e30000 

Instructions: (pc=0x00000000662f2c16)
0x00000000662f2bf6:   8b e1 49 8b c8 49 8b e8 4c 8b ea ff 50 28 44 8b
0x00000000662f2c06:   48 10 41 83 f9 0e 7c 06 41 83 f9 14 7e 02 33 c0
0x00000000662f2c16:   8b 48 10 48 89 5c 24 40 83 f9 10 0f 8c 03 01 00
0x00000000662f2c26:   00 83 f9 12 0f 8f fa 00 00 00 80 78 32 00 0f 84 


Register to memory mapping:

RAX=0x0000000000000000 is an unknown value
RBX=0x000000005f800a30 is an unknown value
RCX=0x000000005f800a30 is an unknown value
RDX=0x00000000609d6040 is an unknown value
RSP=0x000000005cded090 is pointing into the stack for thread: 0x000000005b018000
RBP=0x000000005f800a30 is an unknown value
RSI=0x000000005cdee9d0 is pointing into the stack for thread: 0x000000005b018000
RDI=0x0000000066466888 is an unknown value
R8 =0x000000005f800a30 is an unknown value
R9 =0x0000000000000002 is an unknown value
R10=0x000000005afb45c0 is an unknown value
R11=0x0000000000000000 is an unknown value
R12=0x000000005cdedf80 is pointing into the stack for thread: 0x000000005b018000
R13=0x00000000609d6040 is an unknown value
R14=0x000000005b28d510 is an unknown value
R15=0x0000000000000000 is an unknown value


Stack: [0x000000005ccf0000,0x000000005cdf0000],  sp=0x000000005cded090,  free space=1012k
Native frames: (J=compiled Java code, j=interpreted, Vv=VM code, C=native code)
V  [jvm.dll+0x4c2c16]
V  [jvm.dll+0x45ac1a]
V  [jvm.dll+0x4d8fd1]
V  [jvm.dll+0x4d9aef]
V  [jvm.dll+0x4d9e69]
V  [jvm.dll+0x4da3d6]
V  [jvm.dll+0x436ec1]
V  [jvm.dll+0x45b2c4]
V  [jvm.dll+0x4e0fd8]
V  [jvm.dll+0x4d9ae7]
V  [jvm.dll+0x4d9e69]
V  [jvm.dll+0x4da3d6]
V  [jvm.dll+0x436ec1]
V  [jvm.dll+0x4375d2]
V  [jvm.dll+0x45b2c4]
V  [jvm.dll+0x4e0fd8]
V  [jvm.dll+0x4d9ae7]
V  [jvm.dll+0x4d9e69]
V  [jvm.dll+0x4da3d6]
V  [jvm.dll+0x436ec1]
V  [jvm.dll+0x45243b]
V  [jvm.dll+0x435fc2]
V  [jvm.dll+0x97b62]
V  [jvm.dll+0x98353]
V  [jvm.dll+0x22aac4]
V  [jvm.dll+0x283f5a]
C  [msvcr100.dll+0x21d9f]
C  [msvcr100.dll+0x21e3b]
C  [kernel32.dll+0x159cd]
C  [ntdll.dll+0x2a561]


Current CompileTask:
C2: 942796 12965       4       sun.misc.URLClassPath::getResource (78 bytes)


---------------  P R O C E S S  ---------------

Java Threads: ( => current thread )
  0x000000005d66b800 JavaThread "rebel-IDENotificationsImpl-PostCycle" daemon [_thread_blocked, id=8764, stack(0x0000000067090000,0x0000000067190000)]
  0x00000000594b0800 JavaThread "Abandoned connection cleanup thread" daemon [_thread_blocked, id=2564, stack(0x0000000066920000,0x0000000066a20000)]
  0x00000000594a9000 JavaThread "Tomcat JDBC Pool Cleaner[1482968390:1505738294912]" daemon [_thread_blocked, id=6720, stack(0x0000000064ea0000,0x0000000064fa0000)]
  0x000000005d668800 JavaThread "DestroyJavaVM" [_thread_blocked, id=3128, stack(0x0000000002ab0000,0x0000000002bb0000)]
  0x000000005d668000 JavaThread "http-nio-9000-AsyncTimeout" daemon [_thread_blocked, id=5468, stack(0x0000000065550000,0x0000000065650000)]
  0x0000000060af4800 JavaThread "http-nio-9000-Acceptor-0" daemon [_thread_in_native, id=4132, stack(0x0000000065430000,0x0000000065530000)]
  0x0000000060af3800 JavaThread "http-nio-9000-ClientPoller-1" daemon [_thread_in_native, id=8440, stack(0x0000000065250000,0x0000000065350000)]
  0x0000000060af3000 JavaThread "http-nio-9000-ClientPoller-0" daemon [_thread_in_native, id=9144, stack(0x0000000065140000,0x0000000065240000)]
  0x0000000060af2000 JavaThread "http-nio-9000-exec-10" daemon [_thread_blocked, id=6712, stack(0x0000000065020000,0x0000000065120000)]
  0x0000000060af1800 JavaThread "http-nio-9000-exec-9" daemon [_thread_blocked, id=8140, stack(0x00000000649a0000,0x0000000064aa0000)]
  0x0000000060af0800 JavaThread "http-nio-9000-exec-8" daemon [_thread_in_Java, id=1268, stack(0x0000000064d70000,0x0000000064e70000)]
  0x0000000060af0000 JavaThread "http-nio-9000-exec-7" daemon [_thread_blocked, id=9016, stack(0x0000000064c10000,0x0000000064d10000)]
  0x0000000060aef000 JavaThread "http-nio-9000-exec-6" daemon [_thread_blocked, id=2176, stack(0x0000000064ac0000,0x0000000064bc0000)]
  0x0000000060aee800 JavaThread "http-nio-9000-exec-5" daemon [_thread_blocked, id=8888, stack(0x0000000064720000,0x0000000064820000)]
  0x0000000060aed800 JavaThread "http-nio-9000-exec-4" daemon [_thread_blocked, id=8492, stack(0x0000000064850000,0x0000000064950000)]
  0x000000005b086000 JavaThread "http-nio-9000-exec-3" daemon [_thread_blocked, id=8360, stack(0x0000000064610000,0x0000000064710000)]
  0x000000005b085000 JavaThread "http-nio-9000-exec-2" daemon [_thread_blocked, id=8424, stack(0x00000000644d0000,0x00000000645d0000)]
  0x000000005b084800 JavaThread "http-nio-9000-exec-1" daemon [_thread_blocked, id=8208, stack(0x000000005f0a0000,0x000000005f1a0000)]
  0x000000005b083800 JavaThread "NioBlockingSelector.BlockPoller-1" daemon [_thread_in_native, id=7324, stack(0x0000000061c00000,0x0000000061d00000)]
  0x000000005b080800 JavaThread "container-0" [_thread_blocked, id=1416, stack(0x000000005bc80000,0x000000005bd80000)]
  0x000000005b080000 JavaThread "ContainerBackgroundProcessor[StandardEngine[Tomcat]]" daemon [_thread_blocked, id=6668, stack(0x0000000062120000,0x0000000062220000)]
  0x00000000594b0000 JavaThread "RMI TCP Accept-0" daemon [_thread_in_native, id=5716, stack(0x000000005e9a0000,0x000000005eaa0000)]
  0x00000000594af000 JavaThread "RMI TCP Accept-6742" daemon [_thread_in_native, id=2488, stack(0x000000005e680000,0x000000005e780000)]
  0x00000000594ae800 JavaThread "RMI TCP Accept-0" daemon [_thread_in_native, id=1600, stack(0x000000005e4a0000,0x000000005e5a0000)]
  0x00000000594ad800 JavaThread "Service Thread" daemon [_thread_blocked, id=8568, stack(0x000000005d0e0000,0x000000005d1e0000)]
  0x000000005b01c000 JavaThread "C1 CompilerThread2" daemon [_thread_blocked, id=5616, stack(0x000000005c5f0000,0x000000005c6f0000)]
  0x000000005b019000 JavaThread "C2 CompilerThread1" daemon [_thread_in_native, id=5996, stack(0x000000005ce40000,0x000000005cf40000)]
=>0x000000005b018000 JavaThread "C2 CompilerThread0" daemon [_thread_in_native, id=1996, stack(0x000000005ccf0000,0x000000005cdf0000)]
  0x00000000594ad000 JavaThread "rebel-change-detector-thread" daemon [_thread_blocked, id=3216, stack(0x000000005cbd0000,0x000000005ccd0000)]
  0x00000000594ac000 JavaThread "rebel-debugger-thread" daemon [_thread_blocked, id=7672, stack(0x000000005ca60000,0x000000005cb60000)]
  0x00000000594ab800 JavaThread "rebel-debugger-attach-notifier" daemon [_thread_blocked, id=8144, stack(0x000000005a000000,0x000000005a100000)]
  0x00000000594aa800 JavaThread "rebel-heartbeat-thread" daemon [_thread_blocked, id=8220, stack(0x000000005c850000,0x000000005c950000)]
  0x00000000594aa000 JavaThread "rebel-redeploy-thread" daemon [_thread_blocked, id=7388, stack(0x000000005c750000,0x000000005c850000)]
  0x00000000594a8800 JavaThread "rebel-weak-reaper" daemon [_thread_blocked, id=5496, stack(0x000000005a440000,0x000000005a540000)]
  0x00000000594a7800 JavaThread "rebel-messaging-executor-24" daemon [_thread_blocked, id=4880, stack(0x000000005a760000,0x000000005a860000)]
  0x00000000594a6000 JavaThread "rebel-cache-writer" daemon [_thread_blocked, id=8444, stack(0x0000000059ed0000,0x0000000059fd0000)]
  0x00000000594a5800 JavaThread "rebel-fsnotify-OutputReader" daemon [_thread_blocked, id=3212, stack(0x000000005a660000,0x000000005a760000)]
  0x00000000594a4800 JavaThread "rebel-fsnotify-OutputReader" daemon [_thread_blocked, id=1036, stack(0x000000005a550000,0x000000005a650000)]
  0x00000000594a7000 JavaThread "rebel-fsnotify-ShutdownOnTermination" daemon [_thread_in_native, id=8188, stack(0x000000005a2a0000,0x000000005a3a0000)]
  0x00000000594a4000 JavaThread "rebel-CacheKeepAlive" daemon [_thread_blocked, id=8984, stack(0x000000005a1a0000,0x000000005a2a0000)]
  0x000000005936b000 JavaThread "rebel-logger" daemon [_thread_blocked, id=3832, stack(0x0000000059b40000,0x0000000059c40000)]
  0x0000000058c03800 JavaThread "Attach Listener" daemon [_thread_blocked, id=2008, stack(0x00000000591f0000,0x00000000592f0000)]
  0x00000000577cf800 JavaThread "Signal Dispatcher" daemon [_thread_blocked, id=9008, stack(0x0000000059060000,0x0000000059160000)]
  0x0000000057773000 JavaThread "Finalizer" daemon [_thread_blocked, id=2112, stack(0x0000000058ab0000,0x0000000058bb0000)]
  0x00000000577af800 JavaThread "Reference Handler" daemon [_thread_blocked, id=7648, stack(0x0000000058890000,0x0000000058990000)]

Other Threads:
  0x000000005776c800 VMThread [stack: 0x00000000586b0000,0x00000000587b0000] [id=8848]
  0x000000005b5e8800 WatcherThread [stack: 0x000000005cfe0000,0x000000005d0e0000] [id=9140]

VM state:not at safepoint (normal execution)

VM Mutex/Monitor currently owned by a thread: None

Heap:
 PSYoungGen      total 216576K, used 113151K [0x00000000d6c00000, 0x00000000e5680000, 0x0000000100000000)
  eden space 198656K, 47% used [0x00000000d6c00000,0x00000000dc9004e8,0x00000000e2e00000)
  from space 17920K, 99% used [0x00000000e4500000,0x00000000e567fa60,0x00000000e5680000)
  to   space 20480K, 0% used [0x00000000e2e80000,0x00000000e2e80000,0x00000000e4280000)
 ParOldGen       total 161280K, used 42409K [0x0000000084400000, 0x000000008e180000, 0x00000000d6c00000)
  object space 161280K, 26% used [0x0000000084400000,0x0000000086d6a558,0x000000008e180000)
 Metaspace       used 81220K, capacity 82800K, committed 83072K, reserved 1122304K
  class space    used 8946K, capacity 9335K, committed 9344K, reserved 1048576K

Card table byte_map: [0x0000000011f70000,0x0000000012350000] byte_map_base: 0x0000000011b4e000

Marking Bits: (ParMarkBitMap*) 0x000000006660b460
 Begin Bits: [0x0000000012c10000, 0x0000000014b00000)
 End Bits:   [0x0000000014b00000, 0x00000000169f0000)

Polling page: 0x0000000000240000

CodeCache: size=245760Kb used=15021Kb max_used=30046Kb free=230738Kb
 bounds [0x0000000002bb0000, 0x0000000004940000, 0x0000000011bb0000]
 total_blobs=8748 nmethods=8180 adapters=480
 compilation: enabled

Compilation events (10 events):
Event: 942.573 Thread 0x000000005b01c000 nmethod 13180 0x00000000039464d0 code [0x0000000003946680, 0x0000000003946a18]
Event: 942.573 Thread 0x000000005b01c000 13181       2       java.util.concurrent.ConcurrentHashMap$Traverser::<init> (36 bytes)
Event: 942.574 Thread 0x000000005b01c000 nmethod 13181 0x000000000415a410 code [0x000000000415a560, 0x000000000415a6f0]
Event: 942.574 Thread 0x000000005b01c000 13182       2       org.springframework.core.env.SystemEnvironmentPropertySource::getProperty (75 bytes)
Event: 942.576 Thread 0x000000005b01c000 nmethod 13182 0x000000000388eb90 code [0x000000000388edc0, 0x000000000388f4a8]
Event: 942.579 Thread 0x000000005b01c000 13183       2       org.apache.catalina.core.StandardContext::getXmlBlockExternal (9 bytes)
Event: 942.579 Thread 0x000000005b01c000 nmethod 13183 0x00000000038cbc50 code [0x00000000038cbda0, 0x00000000038cbef0]
Event: 942.579 Thread 0x000000005b01c000 13184       1       org.apache.catalina.core.StandardContext::_jr$ig$xmlBlockExternal (5 bytes)
Event: 942.579 Thread 0x000000005b01c000 nmethod 13184 0x0000000002ee4f90 code [0x0000000002ee50e0, 0x0000000002ee51d0]
Event: 942.579 Thread 0x000000005b01c000 13185       2       org.apache.catalina.core.StandardContext::getTldValidation (9 bytes)

GC Heap History (10 events):
Event: 12.460 GC heap before
{Heap before GC invocations=11 (full 2):
 PSYoungGen      total 144896K, used 144683K [0x00000000d6c00000, 0x00000000e0880000, 0x0000000100000000)
  eden space 134656K, 100% used [0x00000000d6c00000,0x00000000def80000,0x00000000def80000)
  from space 10240K, 97% used [0x00000000dfe80000,0x00000000e084acb8,0x00000000e0880000)
  to   space 12800K, 0% used [0x00000000def80000,0x00000000def80000,0x00000000dfc00000)
 ParOldGen       total 114176K, used 24108K [0x0000000084400000, 0x000000008b380000, 0x00000000d6c00000)
  object space 114176K, 21% used [0x0000000084400000,0x0000000085b8b068,0x000000008b380000)
 Metaspace       used 51375K, capacity 52574K, committed 52864K, reserved 1095680K
  class space    used 6114K, capacity 6438K, committed 6528K, reserved 1048576K
Event: 12.474 GC heap after
Heap after GC invocations=11 (full 2):
 PSYoungGen      total 147456K, used 12790K [0x00000000d6c00000, 0x00000000e2d00000, 0x0000000100000000)
  eden space 134656K, 0% used [0x00000000d6c00000,0x00000000d6c00000,0x00000000def80000)
  from space 12800K, 99% used [0x00000000def80000,0x00000000dfbfdae0,0x00000000dfc00000)
  to   space 14848K, 0% used [0x00000000e1e80000,0x00000000e1e80000,0x00000000e2d00000)
 ParOldGen       total 114176K, used 26137K [0x0000000084400000, 0x000000008b380000, 0x00000000d6c00000)
  object space 114176K, 22% used [0x0000000084400000,0x0000000085d86540,0x000000008b380000)
 Metaspace       used 51375K, capacity 52574K, committed 52864K, reserved 1095680K
  class space    used 6114K, capacity 6438K, committed 6528K, reserved 1048576K
}
Event: 14.636 GC heap before
{Heap before GC invocations=12 (full 2):
 PSYoungGen      total 147456K, used 147446K [0x00000000d6c00000, 0x00000000e2d00000, 0x0000000100000000)
  eden space 134656K, 100% used [0x00000000d6c00000,0x00000000def80000,0x00000000def80000)
  from space 12800K, 99% used [0x00000000def80000,0x00000000dfbfdae0,0x00000000dfc00000)
  to   space 14848K, 0% used [0x00000000e1e80000,0x00000000e1e80000,0x00000000e2d00000)
 ParOldGen       total 114176K, used 26137K [0x0000000084400000, 0x000000008b380000, 0x00000000d6c00000)
  object space 114176K, 22% used [0x0000000084400000,0x0000000085d86540,0x000000008b380000)
 Metaspace       used 57698K, capacity 58928K, committed 59096K, reserved 1101824K
  class space    used 6805K, capacity 7193K, committed 7296K, reserved 1048576K
Event: 14.677 GC heap after
Heap after GC invocations=12 (full 2):
 PSYoungGen      total 179200K, used 14818K [0x00000000d6c00000, 0x00000000e3600000, 0x0000000100000000)
  eden space 164352K, 0% used [0x00000000d6c00000,0x00000000d6c00000,0x00000000e0c80000)
  from space 14848K, 99% used [0x00000000e1e80000,0x00000000e2cf88c0,0x00000000e2d00000)
  to   space 18432K, 0% used [0x00000000e0c80000,0x00000000e0c80000,0x00000000e1e80000)
 ParOldGen       total 114176K, used 31787K [0x0000000084400000, 0x000000008b380000, 0x00000000d6c00000)
  object space 114176K, 27% used [0x0000000084400000,0x000000008630af18,0x000000008b380000)
 Metaspace       used 57698K, capacity 58928K, committed 59096K, reserved 1101824K
  class space    used 6805K, capacity 7193K, committed 7296K, reserved 1048576K
}
Event: 14.677 GC heap before
{Heap before GC invocations=13 (full 3):
 PSYoungGen      total 179200K, used 14818K [0x00000000d6c00000, 0x00000000e3600000, 0x0000000100000000)
  eden space 164352K, 0% used [0x00000000d6c00000,0x00000000d6c00000,0x00000000e0c80000)
  from space 14848K, 99% used [0x00000000e1e80000,0x00000000e2cf88c0,0x00000000e2d00000)
  to   space 18432K, 0% used [0x00000000e0c80000,0x00000000e0c80000,0x00000000e1e80000)
 ParOldGen       total 114176K, used 31787K [0x0000000084400000, 0x000000008b380000, 0x00000000d6c00000)
  object space 114176K, 27% used [0x0000000084400000,0x000000008630af18,0x000000008b380000)
 Metaspace       used 57698K, capacity 58928K, committed 59096K, reserved 1101824K
  class space    used 6805K, capacity 7193K, committed 7296K, reserved 1048576K
Event: 14.890 GC heap after
Heap after GC invocations=13 (full 3):
 PSYoungGen      total 179200K, used 0K [0x00000000d6c00000, 0x00000000e3600000, 0x0000000100000000)
  eden space 164352K, 0% used [0x00000000d6c00000,0x00000000d6c00000,0x00000000e0c80000)
  from space 14848K, 0% used [0x00000000e1e80000,0x00000000e1e80000,0x00000000e2d00000)
  to   space 18432K, 0% used [0x00000000e0c80000,0x00000000e0c80000,0x00000000e1e80000)
 ParOldGen       total 161280K, used 40163K [0x0000000084400000, 0x000000008e180000, 0x00000000d6c00000)
  object space 161280K, 24% used [0x0000000084400000,0x0000000086b38ef8,0x000000008e180000)
 Metaspace       used 57698K, capacity 58928K, committed 59096K, reserved 1101824K
  class space    used 6805K, capacity 7193K, committed 7296K, reserved 1048576K
}
Event: 16.746 GC heap before
{Heap before GC invocations=14 (full 3):
 PSYoungGen      total 179200K, used 164352K [0x00000000d6c00000, 0x00000000e3600000, 0x0000000100000000)
  eden space 164352K, 100% used [0x00000000d6c00000,0x00000000e0c80000,0x00000000e0c80000)
  from space 14848K, 0% used [0x00000000e1e80000,0x00000000e1e80000,0x00000000e2d00000)
  to   space 18432K, 0% used [0x00000000e0c80000,0x00000000e0c80000,0x00000000e1e80000)
 ParOldGen       total 161280K, used 40163K [0x0000000084400000, 0x000000008e180000, 0x00000000d6c00000)
  object space 161280K, 24% used [0x0000000084400000,0x0000000086b38ef8,0x000000008e180000)
 Metaspace       used 62307K, capacity 63670K, committed 63872K, reserved 1105920K
  class space    used 7331K, capacity 7738K, committed 7808K, reserved 1048576K
Event: 16.778 GC heap after
Heap after GC invocations=14 (full 3):
 PSYoungGen      total 182784K, used 9111K [0x00000000d6c00000, 0x00000000e5680000, 0x0000000100000000)
  eden space 164352K, 0% used [0x00000000d6c00000,0x00000000d6c00000,0x00000000e0c80000)
  from space 18432K, 49% used [0x00000000e0c80000,0x00000000e1565f90,0x00000000e1e80000)
  to   space 17920K, 0% used [0x00000000e4500000,0x00000000e4500000,0x00000000e5680000)
 ParOldGen       total 161280K, used 40171K [0x0000000084400000, 0x000000008e180000, 0x00000000d6c00000)
  object space 161280K, 24% used [0x0000000084400000,0x0000000086b3aef8,0x000000008e180000)
 Metaspace       used 62307K, capacity 63670K, committed 63872K, reserved 1105920K
  class space    used 7331K, capacity 7738K, committed 7808K, reserved 1048576K
}
Event: 29.163 GC heap before
{Heap before GC invocations=15 (full 3):
 PSYoungGen      total 182784K, used 173463K [0x00000000d6c00000, 0x00000000e5680000, 0x0000000100000000)
  eden space 164352K, 100% used [0x00000000d6c00000,0x00000000e0c80000,0x00000000e0c80000)
  from space 18432K, 49% used [0x00000000e0c80000,0x00000000e1565f90,0x00000000e1e80000)
  to   space 17920K, 0% used [0x00000000e4500000,0x00000000e4500000,0x00000000e5680000)
 ParOldGen       total 161280K, used 40171K [0x0000000084400000, 0x000000008e180000, 0x00000000d6c00000)
  object space 161280K, 24% used [0x0000000084400000,0x0000000086b3aef8,0x000000008e180000)
 Metaspace       used 79165K, capacity 80622K, committed 80896K, reserved 1120256K
  class space    used 8780K, capacity 9194K, committed 9216K, reserved 1048576K
Event: 29.185 GC heap after
Heap after GC invocations=15 (full 3):
 PSYoungGen      total 216576K, used 17918K [0x00000000d6c00000, 0x00000000e5680000, 0x0000000100000000)
  eden space 198656K, 0% used [0x00000000d6c00000,0x00000000d6c00000,0x00000000e2e00000)
  from space 17920K, 99% used [0x00000000e4500000,0x00000000e567fa60,0x00000000e5680000)
  to   space 20480K, 0% used [0x00000000e2e80000,0x00000000e2e80000,0x00000000e4280000)
 ParOldGen       total 161280K, used 42409K [0x0000000084400000, 0x000000008e180000, 0x00000000d6c00000)
  object space 161280K, 26% used [0x0000000084400000,0x0000000086d6a558,0x000000008e180000)
 Metaspace       used 79165K, capacity 80622K, committed 80896K, reserved 1120256K
  class space    used 8780K, capacity 9194K, committed 9216K, reserved 1048576K
}

Deoptimization events (10 events):
Event: 930.127 Thread 0x00000000594aa000 Uncommon trap: reason=null_check action=make_not_entrant pc=0x00000000038727ac method=com.zeroturnaround.jrebelbase.facade.a.arrayOriginalStore([Ljava/lang/Object;ILjava/lang/Object;)V @ 13
Event: 930.629 Thread 0x00000000594aa000 Uncommon trap: reason=array_check action=maybe_recompile pc=0x0000000002dcced4 method=com.zeroturnaround.jrebelbase.facade.a.arrayOriginalStore([Ljava/lang/Object;ILjava/lang/Object;)V @ 41
Event: 930.869 Thread 0x00000000594aa000 Uncommon trap: reason=array_check action=maybe_recompile pc=0x0000000002dcced4 method=com.zeroturnaround.jrebelbase.facade.a.arrayOriginalStore([Ljava/lang/Object;ILjava/lang/Object;)V @ 41
Event: 941.719 Thread 0x0000000060af0800 Uncommon trap: reason=null_check action=make_not_entrant pc=0x0000000002d3534c method=com.zeroturnaround.jrebelbase.facade.f.convertArgument(Ljava/lang/Object;Ljava/lang/Class;)Ljava/lang/Object; @ 16
Event: 941.828 Thread 0x0000000060af0800 Uncommon trap: reason=null_check action=make_not_entrant pc=0x0000000003d62a7c method=com.zeroturnaround.jrebelbase.facade.e.ifAcmpInternal(Ljava/lang/Object;Ljava/lang/Object;)Z @ 64
Event: 942.016 Thread 0x0000000060af0800 Uncommon trap: reason=unreached action=reinterpret pc=0x00000000040176fc method=com.zeroturnaround.jrebelbase.facade.ab.isAssignableFrom(Ljava/lang/Class;Ljava/lang/Class;)Z @ 25
Event: 942.415 Thread 0x0000000060af0800 Uncommon trap: reason=class_check action=maybe_recompile pc=0x000000000483b518 method=java.lang.reflect.Array.newInstance(Ljava/lang/Class;I)Ljava/lang/Object; @ 2
Event: 942.415 Thread 0x0000000060af0800 Uncommon trap: reason=class_check action=maybe_recompile pc=0x000000000483b518 method=java.lang.reflect.Array.newInstance(Ljava/lang/Class;I)Ljava/lang/Object; @ 2
Event: 942.416 Thread 0x0000000060af0800 Uncommon trap: reason=class_check action=maybe_recompile pc=0x000000000483b518 method=java.lang.reflect.Array.newInstance(Ljava/lang/Class;I)Ljava/lang/Object; @ 2
Event: 942.416 Thread 0x0000000060af0800 Uncommon trap: reason=class_check action=maybe_recompile pc=0x000000000483b518 method=java.lang.reflect.Array.newInstance(Ljava/lang/Class;I)Ljava/lang/Object; @ 2

Internal exceptions (10 events):
Event: 942.503 Thread 0x0000000060af0800 Exception <a 'java/security/PrivilegedActionException'> (0x00000000dbdd8d20) thrown at [D:\re\workspace\8-2-build-windows-amd64-cygwin\jdk8u20\1074\hotspot\src\share\vm\prims\jvm.cpp, line 1275]
Event: 942.503 Thread 0x0000000060af0800 Exception <a 'java/security/PrivilegedActionException'> (0x00000000dbdde4a0) thrown at [D:\re\workspace\8-2-build-windows-amd64-cygwin\jdk8u20\1074\hotspot\src\share\vm\prims\jvm.cpp, line 1275]
Event: 942.503 Thread 0x0000000060af0800 Exception <a 'java/security/PrivilegedActionException'> (0x00000000dbddf0a8) thrown at [D:\re\workspace\8-2-build-windows-amd64-cygwin\jdk8u20\1074\hotspot\src\share\vm\prims\jvm.cpp, line 1275]
Event: 942.503 Thread 0x0000000060af0800 Exception <a 'java/security/PrivilegedActionException'> (0x00000000dbde66e8) thrown at [D:\re\workspace\8-2-build-windows-amd64-cygwin\jdk8u20\1074\hotspot\src\share\vm\prims\jvm.cpp, line 1275]
Event: 942.503 Thread 0x0000000060af0800 Exception <a 'java/security/PrivilegedActionException'> (0x00000000dbde7558) thrown at [D:\re\workspace\8-2-build-windows-amd64-cygwin\jdk8u20\1074\hotspot\src\share\vm\prims\jvm.cpp, line 1275]
Event: 942.504 Thread 0x0000000060af0800 Exception <a 'java/security/PrivilegedActionException'> (0x00000000dbdeec58) thrown at [D:\re\workspace\8-2-build-windows-amd64-cygwin\jdk8u20\1074\hotspot\src\share\vm\prims\jvm.cpp, line 1275]
Event: 942.534 Thread 0x0000000060af0800 Exception <a 'java/security/PrivilegedActionException'> (0x00000000dc029d28) thrown at [D:\re\workspace\8-2-build-windows-amd64-cygwin\jdk8u20\1074\hotspot\src\share\vm\prims\jvm.cpp, line 1275]
Event: 942.534 Thread 0x0000000060af0800 Exception <a 'java/security/PrivilegedActionException'> (0x00000000dc02ffc0) thrown at [D:\re\workspace\8-2-build-windows-amd64-cygwin\jdk8u20\1074\hotspot\src\share\vm\prims\jvm.cpp, line 1275]
Event: 942.534 Thread 0x0000000060af0800 Exception <a 'java/security/PrivilegedActionException'> (0x00000000dc030c68) thrown at [D:\re\workspace\8-2-build-windows-amd64-cygwin\jdk8u20\1074\hotspot\src\share\vm\prims\jvm.cpp, line 1275]
Event: 942.535 Thread 0x0000000060af0800 Exception <a 'java/security/PrivilegedActionException'> (0x00000000dc036f38) thrown at [D:\re\workspace\8-2-build-windows-amd64-cygwin\jdk8u20\1074\hotspot\src\share\vm\prims\jvm.cpp, line 1275]

Events (10 events):
Event: 942.503 loading class org/thymeleaf/spring4/SpringTemplateEngine
Event: 942.503 loading class org/thymeleaf/spring4/SpringTemplateEngine done
Event: 942.503 loading class org/thymeleaf/spring4$SpringTemplateEngine
Event: 942.503 loading class org/thymeleaf/spring4$SpringTemplateEngine done
Event: 942.533 loading class org/webjars/WebJarAssetLocator
Event: 942.533 loading class org/webjars/WebJarAssetLocator done
Event: 942.534 loading class org/webjars$WebJarAssetLocator
Event: 942.534 loading class org/webjars$WebJarAssetLocator done
Event: 942.562 Thread 0x0000000060af0800 DEOPT PACKING pc=0x0000000002e7d595 sp=0x0000000064e6c570
Event: 942.562 Thread 0x0000000060af0800 DEOPT UNPACKING pc=0x0000000002bf75bf sp=0x0000000064e6c2d0 mode 0


Dynamic libraries:
0x000000013f060000 - 0x000000013f094000 	C:\Program Files\Java\jre1.8.0_20\bin\javaw.exe
0x0000000077040000 - 0x00000000771ea000 	C:\windows\SYSTEM32\ntdll.dll
0x0000000076f20000 - 0x000000007703f000 	C:\windows\system32\kernel32.dll
0x000007fefd080000 - 0x000007fefd0ea000 	C:\windows\system32\KERNELBASE.dll
0x0000000074a20000 - 0x0000000074aa9000 	C:\windows\System32\SYSFER.DLL
0x000007fefe2f0000 - 0x000007fefe3cb000 	C:\windows\system32\ADVAPI32.dll
0x000007fefe1b0000 - 0x000007fefe24f000 	C:\windows\system32\msvcrt.dll
0x000007fefefd0000 - 0x000007fefefef000 	C:\windows\SYSTEM32\sechost.dll
0x000007feff0e0000 - 0x000007feff20d000 	C:\windows\system32\RPCRT4.dll
0x0000000076e20000 - 0x0000000076f1a000 	C:\windows\system32\USER32.dll
0x000007fefe3d0000 - 0x000007fefe437000 	C:\windows\system32\GDI32.dll
0x000007fefd0f0000 - 0x000007fefd0fe000 	C:\windows\system32\LPK.dll
0x000007fefe5d0000 - 0x000007fefe69a000 	C:\windows\system32\USP10.dll
0x000007fefbde0000 - 0x000007fefbfd4000 	C:\windows\WinSxS\amd64_microsoft.windows.common-controls_6595b64144ccf1df_6.0.7601.18837_none_fa3b1e3d17594757\COMCTL32.dll
0x000007feff000000 - 0x000007feff071000 	C:\windows\system32\SHLWAPI.dll
0x000007feff210000 - 0x000007feff23e000 	C:\windows\system32\IMM32.DLL
0x000007feff240000 - 0x000007feff349000 	C:\windows\system32\MSCTF.dll
0x000000006dc00000 - 0x000000006dcd2000 	C:\Program Files\Java\jre1.8.0_20\bin\msvcr100.dll
0x0000000065e30000 - 0x0000000066688000 	C:\Program Files\Java\jre1.8.0_20\bin\server\jvm.dll
0x000007fef82d0000 - 0x000007fef82d9000 	C:\windows\system32\WSOCK32.dll
0x000007fefecb0000 - 0x000007fefecfd000 	C:\windows\system32\WS2_32.dll
0x000007fefeff0000 - 0x000007fefeff8000 	C:\windows\system32\NSI.dll
0x000007fef8b30000 - 0x000007fef8b6b000 	C:\windows\system32\WINMM.dll
0x0000000077210000 - 0x0000000077217000 	C:\windows\system32\PSAPI.DLL
0x0000000073780000 - 0x000000007378f000 	C:\Program Files\Java\jre1.8.0_20\bin\verify.dll
0x0000000073750000 - 0x0000000073778000 	C:\Program Files\Java\jre1.8.0_20\bin\java.dll
0x000007feefc50000 - 0x000007feefc88000 	C:\eclipse\plugins\org.zeroturnaround.eclipse.embedder_7.0.15.RELEASE\jrebel\lib\jrebel64.dll
0x000007fefd100000 - 0x000007fefde8a000 	C:\windows\system32\SHELL32.dll
0x000007feefcf0000 - 0x000007feefcf3000 	C:\windows\system32\api-ms-win-core-synch-l1-2-0.DLL
0x0000000071360000 - 0x0000000071376000 	C:\Program Files\Java\jre1.8.0_20\bin\zip.dll
0x000007fefde90000 - 0x000007fefe08c000 	C:\windows\system32\ole32.dll
0x000007fefcd40000 - 0x000007fefcd4f000 	C:\windows\system32\profapi.dll
0x000000006d900000 - 0x000000006d90d000 	C:\Program Files\Java\jre1.8.0_20\bin\management.dll
0x0000000071340000 - 0x000000007135a000 	C:\Program Files\Java\jre1.8.0_20\bin\net.dll
0x000007fefc500000 - 0x000007fefc555000 	C:\windows\system32\mswsock.dll
0x000007fefc4f0000 - 0x000007fefc4f7000 	C:\windows\System32\wship6.dll
0x000000006ef10000 - 0x000000006ef21000 	C:\Program Files\Java\jre1.8.0_20\bin\nio.dll
0x000000006d930000 - 0x000000006d954000 	C:\Program Files\Java\jre1.8.0_20\bin\sunec.dll
0x000000006d920000 - 0x000000006d92b000 	C:\Program Files\Java\jre1.8.0_20\bin\sunmscapi.dll
0x000007fefce80000 - 0x000007fefcfed000 	C:\windows\system32\CRYPT32.dll
0x000007fefcd30000 - 0x000007fefcd3f000 	C:\windows\system32\MSASN1.dll
0x000007feefcb0000 - 0x000007feefccb000 	C:\Users\IBM_ADMIN\AppData\Local\Temp\jrebel-temp\ver-6ecefaf5\IdeaWin64.dll
0x000007fefcb70000 - 0x000007fefcbc7000 	C:\windows\system32\apphelp.dll
0x000007fefc560000 - 0x000007fefc578000 	C:\windows\system32\CRYPTSP.dll
0x000007fefc260000 - 0x000007fefc2a7000 	C:\windows\system32\rsaenh.dll
0x000007fefd060000 - 0x000007fefd07e000 	C:\windows\system32\USERENV.dll
0x000007fefcbd0000 - 0x000007fefcbdf000 	C:\windows\system32\CRYPTBASE.dll
0x000007fefa850000 - 0x000007fefa877000 	C:\windows\system32\IPHLPAPI.DLL
0x000007fefa790000 - 0x000007fefa79b000 	C:\windows\system32\WINNSI.DLL
0x000007fefa700000 - 0x000007fefa711000 	C:\windows\system32\dhcpcsvc6.DLL
0x000007fefa670000 - 0x000007fefa688000 	C:\windows\system32\dhcpcsvc.DLL
0x000007fefa930000 - 0x000007fefa945000 	C:\windows\system32\NLAapi.dll
0x000007fef0a30000 - 0x000007fef0a45000 	C:\windows\system32\napinsp.dll
0x000007fef0a10000 - 0x000007fef0a29000 	C:\windows\system32\pnrpnsp.dll
0x000007fefc380000 - 0x000007fefc3db000 	C:\windows\system32\DNSAPI.dll
0x000007fef0a00000 - 0x000007fef0a0b000 	C:\windows\System32\winrnr.dll
0x000007fef09f0000 - 0x000007fef0a00000 	C:\windows\system32\wshbth.dll
0x000007fefbb80000 - 0x000007fefbb87000 	C:\windows\System32\wshtcpip.dll
0x000007fef09e0000 - 0x000007fef09e8000 	C:\windows\system32\rasadhlp.dll
0x000007fefa730000 - 0x000007fefa783000 	C:\windows\System32\fwpuclnt.dll
0x000007feef550000 - 0x000007feef675000 	C:\windows\system32\dbghelp.dll

VM Arguments:
jvm_args: -Dspring.liveBeansView.mbeanDomain -Dcom.sun.management.jmxremote -Dcom.sun.management.jmxremote.port=6742 -Dcom.sun.management.jmxremote.authenticate=false -Dcom.sun.management.jmxremote.ssl=false -Drebel.base=C:\Users\IBM_ADMIN\.jrebel -Drebel.env.ide.plugin.version=7.0.15 -Drebel.env.ide.version=4.3.0 -Drebel.env.ide.product=Eclipse -Drebel.env.ide=eclipse -Drebel.notification.url=http://localhost:17434 -Drebel.workspace.path=C:\junWorkSpace -Drebel.properties=C:\Users\IBM_ADMIN\.jrebel\jrebel.properties -agentpath:C:\eclipse\plugins\org.zeroturnaround.eclipse.embedder_7.0.15.RELEASE\jrebel\lib\jrebel64.dll -Dfile.encoding=UTF-8 
java_command: com.jun.board.MeetingApplication
java_class_path (initial): C:\webProject\ibmProject\bin;C:\Users\IBM_ADMIN\.gradle\caches\modules-2\files-2.1\org.springframework.boot\spring-boot-starter-web\1.5.4.RELEASE\5d6c554f34b20dffcbdfc7edf9b80956e2dace\spring-boot-starter-web-1.5.4.RELEASE.jar;C:\Users\IBM_ADMIN\.gradle\caches\modules-2\files-2.1\org.apache.tomcat.embed\tomcat-embed-jasper\8.5.15\6ab54501d707fb5be66a80b5b037331c5f778c61\tomcat-embed-jasper-8.5.15.jar;C:\Users\IBM_ADMIN\.gradle\caches\modules-2\files-2.1\javax.servlet\jstl\1.2\74aca283cd4f4b4f3e425f5820cda58f44409547\jstl-1.2.jar;C:\Users\IBM_ADMIN\.gradle\caches\modules-2\files-2.1\org.yaml\snakeyaml\1.17\7a27ea250c5130b2922b86dea63cbb1cc10a660c\snakeyaml-1.17.jar;C:\Users\IBM_ADMIN\.gradle\caches\modules-2\files-2.1\mysql\mysql-connector-java\5.1.34\46deba4adbdb4967367b013cbc67b7f7373da60a\mysql-connector-java-5.1.34.jar;C:\Users\IBM_ADMIN\.gradle\caches\modules-2\files-2.1\org.mybatis.spring.boot\mybatis-spring-boot-starter\1.1.1\d0f14dd5e6cee6adc3d2bfee4c0a879dced80552\mybatis-spring-boot-starter-1.1.1.jar;C:\Users\IBM_ADMIN\.gradle\caches\modules-2\files-2.1\org.springframework.boot\spring-boot-starter-jdbc\1.5.4.RELEASE\587ab04faeaeb2cbec0adf8fba68ee278d2c8764\spring-boot-starter-jdbc-1.5.4.RELEASE.jar;C:\Users\IBM_ADMIN\.gradle\caches\modules-2\files-2.1\org.projectlombok\lombok\1.16.8\2ce9de13f277ec1600e7e04231477e3e5f59d317\lombok-1.16.8.jar;C:\Users\IBM_ADMIN\.gradle\caches\modules-2\files-2.1\org.apache.commons\commons-lang3\3.4\5fe28b9518e58819180a43a850fbc0dd24b7c050\commons-lang3-3.4.jar;C:\Users\IBM_ADMIN\.gradle\caches\modules-2\files-2.1\commons-io\commons-io\2.5\2852e6e05fbb95076fc091f6d1780f1f8fe35e0f\commons-io-2.5.jar;C:\Users\IBM_ADMIN\.gradle\caches\modules-2\files-2.1\commons-fileupload\commons-fileupload\1.3.1\c621b54583719ac0310404463d6d99db27e1052c\commons-fileupload-1.3.1.jar;C:\Users\IBM_ADMIN\.gradle\caches\modules-2\files-2.1\org.apache.httpcomponents\httpcore\4.4.1\f5aa318bda4c6c8d688c9d00b90681dcd82ce636\h
Launcher Type: SUN_STANDARD

Environment Variables:
JAVA_HOME=C:\Program Files\Java\jdk1.8.0_20
CLASSPATH=.;C:\PROGRA~1\IBM\SQLLIB\java\db2java.zip;C:\PROGRA~1\IBM\SQLLIB\java\db2jcc.jar;C:\PROGRA~1\IBM\SQLLIB\java\sqlj.zip;C:\PROGRA~1\IBM\SQLLIB\java\db2jcc_license_cu.jar;C:\PROGRA~1\IBM\SQLLIB\bin;C:\PROGRA~1\IBM\SQLLIB\java\common.jar
PATH=C:\oraclexe\app\oracle\product\11.2.0\server\bin;C:\ProgramData\Oracle\Java\javapath;C:\Program Files (x86)\Intel\iCLS Client\;C:\Program Files\Intel\iCLS Client\;C:\windows\SYSTEM32;C:\windows;C:\windows\SYSTEM32\WBEM;C:\windows\SYSTEM32\WINDOWSPOWERSHELL\V1.0\;C:\PROGRAM FILES (X86)\COMMON FILES\ROXIO SHARED\DLLSHARED\;C:\PROGRAM FILES (X86)\COMMON FILES\ROXIO SHARED\DLLSHARED\;C:\PROGRAM FILES (X86)\COMMON FILES\ROXIO SHARED\13.0\DLLSHARED\;C:\Program Files\ThinkPad\Bluetooth Software\;C:\Program Files\ThinkPad\Bluetooth Software\syswow64;C:\Program Files (x86)\Intel\Intel(R) Management Engine Components\DAL;C:\Program Files\Intel\Intel(R) Management Engine Components\DAL;C:\Program Files (x86)\Intel\Intel(R) Management Engine Components\IPT;C:\Program Files\Intel\Intel(R) Management Engine Components\IPT;C:\Program Files\Intel\WiFi\bin\;C:\Program Files\Common Files\Intel\WirelessCommon\;C:\Program Files\Java\jdk1.8.0_20\bin;C:\Program Files\Git\cmd;C:\Program Files\ibm\gsk8\lib64;C:\Program Files (x86)\ibm\gsk8\lib;C:\PROGRA~1\IBM\SQLLIB\BIN;C:\PROGRA~1\IBM\SQLLIB\FUNCTION;C:\PROGRA~1\IBM\SQLLIB\SAMPLES\REPL;C:\Program Files\Intel\WiFi\bin\;C:\Program Files\Common Files\Intel\WirelessCommon\;C:\Program Files\Bandizip\
USERNAME=ADMINIBM
OS=Windows_NT
PROCESSOR_IDENTIFIER=Intel64 Family 6 Model 58 Stepping 9, GenuineIntel



---------------  S Y S T E M  ---------------

OS: Windows 7 , 64 bit Build 7601 Service Pack 1

CPU:total 4 (2 cores per cpu, 2 threads per core) family 6 model 58 stepping 9, cmov, cx8, fxsr, mmx, sse, sse2, sse3, ssse3, sse4.1, sse4.2, popcnt, avx, aes, clmul, erms, ht, tsc, tscinvbit, tscinv

Memory: 4k page, physical 8105944k(1769436k free), swap 16210028k(8250012k free)

vm_info: Java HotSpot(TM) 64-Bit Server VM (25.20-b23) for windows-amd64 JRE (1.8.0_20-b26), built on Jul 30 2014 13:51:23 by "java_re" with MS VC++ 10.0 (VS2010)

time: Mon Sep 18 21:53:29 2017
elapsed time: 942 seconds (0d 0h 15m 42s)

